This file contains any messages produced by compilers while
running configure, to aid debugging if configure makes a mistake.

It was created by test configure 1.0, which was
generated by GNU Autoconf 2.63.  Invocation command line was

  $ ./configure 

## --------- ##
## Platform. ##
## --------- ##

hostname = ubuntu
uname -m = i686
uname -r = 2.6.28-15-generic
uname -s = Linux
uname -v = #49-Ubuntu SMP Tue Aug 18 18:40:08 UTC 2009

/usr/bin/uname -p = unknown
/bin/uname -X     = unknown

/bin/arch              = unknown
/usr/bin/arch -k       = unknown
/usr/convex/getsysinfo = unknown
/usr/bin/hostinfo      = unknown
/bin/machine           = unknown
/usr/bin/oslevel       = unknown
/bin/universe          = unknown

PATH: /usr/local/sbin
PATH: /usr/local/bin
PATH: /usr/sbin
PATH: /usr/bin
PATH: /sbin
PATH: /bin
PATH: /usr/games


## ----------- ##
## Core tests. ##
## ----------- ##

configure:1828: checking for a BSD-compatible install
configure:1896: result: /usr/bin/install -c
configure:1907: checking whether build environment is sane
configure:1950: result: yes
configure:1975: checking for a thread-safe mkdir -p
configure:2014: result: /bin/mkdir -p
configure:2027: checking for gawk
configure:2057: result: no
configure:2027: checking for mawk
configure:2043: found /usr/bin/mawk
configure:2054: result: mawk
configure:2065: checking whether make sets $(MAKE)
configure:2087: result: yes
configure:2329: checking for g++
configure:2345: found /usr/bin/g++
configure:2356: result: g++
configure:2383: checking for C++ compiler version
configure:2391: g++ --version >&5
g++ (Ubuntu 4.3.3-5ubuntu4) 4.3.3
Copyright (C) 2008 Free Software Foundation, Inc.
This is free software; see the source for copying conditions.  There is NO
warranty; not even for MERCHANTABILITY or FITNESS FOR A PARTICULAR PURPOSE.

configure:2395: $? = 0
configure:2402: g++ -v >&5
Using built-in specs.
Target: i486-linux-gnu
Configured with: ../src/configure -v --with-pkgversion='Ubuntu 4.3.3-5ubuntu4' --with-bugurl=file:///usr/share/doc/gcc-4.3/README.Bugs --enable-languages=c,c++,fortran,objc,obj-c++ --prefix=/usr --enable-shared --with-system-zlib --libexecdir=/usr/lib --without-included-gettext --enable-threads=posix --enable-nls --with-gxx-include-dir=/usr/include/c++/4.3 --program-suffix=-4.3 --enable-clocale=gnu --enable-libstdcxx-debug --enable-objc-gc --enable-mpfr --enable-targets=all --with-tune=generic --enable-checking=release --build=i486-linux-gnu --host=i486-linux-gnu --target=i486-linux-gnu
Thread model: posix
gcc version 4.3.3 (Ubuntu 4.3.3-5ubuntu4) 
configure:2406: $? = 0
configure:2413: g++ -V >&5
g++: '-V' option must have argument
configure:2417: $? = 1
configure:2440: checking for C++ compiler default output file name
configure:2462: g++    conftest.cpp  >&5
configure:2466: $? = 0
configure:2504: result: a.out
configure:2523: checking whether the C++ compiler works
configure:2533: ./a.out
configure:2537: $? = 0
configure:2556: result: yes
configure:2563: checking whether we are cross compiling
configure:2565: result: no
configure:2568: checking for suffix of executables
configure:2575: g++ -o conftest    conftest.cpp  >&5
configure:2579: $? = 0
configure:2605: result: 
configure:2611: checking for suffix of object files
configure:2637: g++ -c   conftest.cpp >&5
configure:2641: $? = 0
configure:2666: result: o
configure:2670: checking whether we are using the GNU C++ compiler
configure:2699: g++ -c   conftest.cpp >&5
configure:2706: $? = 0
configure:2723: result: yes
configure:2732: checking whether g++ accepts -g
configure:2762: g++ -c -g  conftest.cpp >&5
configure:2769: $? = 0
configure:2870: result: yes
configure:2904: checking for style of include used by make
configure:2932: result: GNU
configure:2957: checking dependency style of g++
configure:3048: result: gcc3
configure:3183: creating ./config.status

## ---------------------- ##
## Running config.status. ##
## ---------------------- ##

This file was extended by test config.status 1.0, which was
generated by GNU Autoconf 2.63.  Invocation command line was

  CONFIG_FILES    = 
  CONFIG_HEADERS  = 
  CONFIG_LINKS    = 
  CONFIG_COMMANDS = 
  $ ./config.status 

on ubuntu

config.status:757: creating Makefile
config.status:757: creating src/Makefile
config.status:757: creating config.h
config.status:979: config.h is unchanged
config.status:1031: executing depfiles commands

## ---------------- ##
## Cache variables. ##
## ---------------- ##

ac_cv_cxx_compiler_gnu=yes
ac_cv_env_CCC_set=
ac_cv_env_CCC_value=
ac_cv_env_CPPFLAGS_set=
ac_cv_env_CPPFLAGS_value=
ac_cv_env_CXXFLAGS_set=
ac_cv_env_CXXFLAGS_value=
ac_cv_env_CXX_set=
ac_cv_env_CXX_value=
ac_cv_env_LDFLAGS_set=
ac_cv_env_LDFLAGS_value=
ac_cv_env_LIBS_set=
ac_cv_env_LIBS_value=
ac_cv_env_build_alias_set=
ac_cv_env_build_alias_value=
ac_cv_env_host_alias_set=
ac_cv_env_host_alias_value=
ac_cv_env_target_alias_set=
ac_cv_env_target_alias_value=
ac_cv_objext=o
ac_cv_path_install='/usr/bin/install -c'
ac_cv_path_mkdir=/bin/mkdir
ac_cv_prog_AWK=mawk
ac_cv_prog_ac_ct_CXX=g++
ac_cv_prog_cxx_g=yes
ac_cv_prog_make_make_set=yes
am_cv_CXX_dependencies_compiler_type=gcc3

## ----------------- ##
## Output variables. ##
## ----------------- ##

ACLOCAL='${SHELL} /home/kinside/my-git/dmishin-pyscript/cpp/autotools-tutor/missing --run aclocal-1.10'
AMDEPBACKSLASH='\'
AMDEP_FALSE='#'
AMDEP_TRUE=''
AMTAR='${SHELL} /home/kinside/my-git/dmishin-pyscript/cpp/autotools-tutor/missing --run tar'
AUTOCONF='${SHELL} /home/kinside/my-git/dmishin-pyscript/cpp/autotools-tutor/missing --run autoconf'
AUTOHEADER='${SHELL} /home/kinside/my-git/dmishin-pyscript/cpp/autotools-tutor/missing --run autoheader'
AUTOMAKE='${SHELL} /home/kinside/my-git/dmishin-pyscript/cpp/autotools-tutor/missing --run automake-1.10'
AWK='mawk'
CPPFLAGS=''
CXX='g++'
CXXDEPMODE='depmode=gcc3'
CXXFLAGS='-g -O2'
CYGPATH_W='echo'
DEFS='-DHAVE_CONFIG_H'
DEPDIR='.deps'
ECHO_C=''
ECHO_N='-n'
ECHO_T=''
EXEEXT=''
INSTALL_DATA='${INSTALL} -m 644'
INSTALL_PROGRAM='${INSTALL}'
INSTALL_SCRIPT='${INSTALL}'
INSTALL_STRIP_PROGRAM='$(install_sh) -c -s'
LDFLAGS=''
LIBOBJS=''
LIBS=''
LTLIBOBJS=''
MAKEINFO='${SHELL} /home/kinside/my-git/dmishin-pyscript/cpp/autotools-tutor/missing --run makeinfo'
MKDIR_P='/bin/mkdir -p'
OBJEXT='o'
PACKAGE='test'
PACKAGE_BUGREPORT='bug-automake@gnu.org'
PACKAGE_NAME='test'
PACKAGE_STRING='test 1.0'
PACKAGE_TARNAME='test'
PACKAGE_VERSION='1.0'
PATH_SEPARATOR=':'
SET_MAKE=''
SHELL='/bin/bash'
STRIP=''
VERSION='1.0'
ac_ct_CXX='g++'
am__fastdepCXX_FALSE='#'
am__fastdepCXX_TRUE=''
am__include='include'
am__isrc=''
am__leading_dot='.'
am__quote=''
am__tar='${AMTAR} chof - "$$tardir"'
am__untar='${AMTAR} xf -'
bindir='${exec_prefix}/bin'
build_alias=''
datadir='${datarootdir}'
datarootdir='${prefix}/share'
docdir='${datarootdir}/doc/${PACKAGE_TARNAME}'
dvidir='${docdir}'
exec_prefix='${prefix}'
host_alias=''
htmldir='${docdir}'
includedir='${prefix}/include'
infodir='${datarootdir}/info'
install_sh='$(SHELL) /home/kinside/my-git/dmishin-pyscript/cpp/autotools-tutor/install-sh'
libdir='${exec_prefix}/lib'
libexecdir='${exec_prefix}/libexec'
localedir='${datarootdir}/locale'
localstatedir='${prefix}/var'
mandir='${datarootdir}/man'
mkdir_p='/bin/mkdir -p'
oldincludedir='/usr/include'
pdfdir='${docdir}'
prefix='/usr/local'
program_transform_name='s,x,x,'
psdir='${docdir}'
sbindir='${exec_prefix}/sbin'
sharedstatedir='${prefix}/com'
sysconfdir='${prefix}/etc'
target_alias=''

## ----------- ##
## confdefs.h. ##
## ----------- ##

#define PACKAGE_NAME "test"
#define PACKAGE_TARNAME "test"
#define PACKAGE_VERSION "1.0"
#define PACKAGE_STRING "test 1.0"
#define PACKAGE_BUGREPORT "bug-automake@gnu.org"
#define PACKAGE "test"
#define VERSION "1.0"

configure: exit 0
